<?xml version="1.0" encoding="UTF-8"?>
<!-- Generated by org.testng.reporters.JUnitReportReporter -->
<testsuite hostname="LAPTOP-EC720ES1" failures="0" tests="30" name="CucubmerOptions.TestNGTestRunner" time="0.085" errors="0" timestamp="2023-03-01T12:56:44 IST" skipped="0">
  <testcase classname="CucubmerOptions.TestNGTestRunner" name="runScenario" time="0.001"/>
  <system-out/>
  <testcase classname="CucubmerOptions.TestNGTestRunner" name="runScenario" time="0.001"/>
  <system-out/>
  <testcase classname="CucubmerOptions.TestNGTestRunner" name="runScenario" time="0.001"/>
  <system-out/>
  <testcase classname="CucubmerOptions.TestNGTestRunner" name="runScenario" time="0.002"/>
  <system-out/>
  <testcase classname="CucubmerOptions.TestNGTestRunner" name="runScenario" time="0.001"/>
  <system-out/>
  <testcase classname="CucubmerOptions.TestNGTestRunner" name="runScenario" time="0.004"/>
  <system-out/>
  <testcase classname="CucubmerOptions.TestNGTestRunner" name="runScenario" time="0.005"/>
  <system-out/>
  <testcase classname="CucubmerOptions.TestNGTestRunner" name="runScenario" time="0.002"/>
  <system-out/>
  <testcase classname="CucubmerOptions.TestNGTestRunner" name="runScenario" time="0.002"/>
  <system-out/>
  <testcase classname="CucubmerOptions.TestNGTestRunner" name="runScenario" time="0.001"/>
  <system-out/>
  <testcase classname="CucubmerOptions.TestNGTestRunner" name="runScenario" time="0.001"/>
  <system-out/>
  <testcase classname="CucubmerOptions.TestNGTestRunner" name="runScenario" time="0.002"/>
  <system-out/>
  <testcase classname="CucubmerOptions.TestNGTestRunner" name="runScenario" time="0.001"/>
  <system-out/>
  <testcase classname="CucubmerOptions.TestNGTestRunner" name="runScenario" time="0.002"/>
  <system-out/>
  <testcase classname="CucubmerOptions.TestNGTestRunner" name="runScenario" time="0.003"/>
  <system-out/>
  <testcase classname="CucubmerOptions.TestNGTestRunner" name="runScenario" time="0.002"/>
  <system-out/>
  <testcase classname="CucubmerOptions.TestNGTestRunner" name="runScenario" time="0.001"/>
  <system-out/>
  <testcase classname="CucubmerOptions.TestNGTestRunner" name="runScenario" time="0.001"/>
  <system-out/>
  <testcase classname="CucubmerOptions.TestNGTestRunner" name="runScenario" time="0.001"/>
  <system-out/>
  <testcase classname="CucubmerOptions.TestNGTestRunner" name="runScenario" time="0.001"/>
  <system-out/>
  <testcase classname="CucubmerOptions.TestNGTestRunner" name="runScenario" time="0.001"/>
  <system-out/>
  <testcase classname="CucubmerOptions.TestNGTestRunner" name="runScenario" time="0.001"/>
  <system-out/>
  <testcase classname="CucubmerOptions.TestNGTestRunner" name="runScenario" time="0.001"/>
  <system-out/>
  <testcase classname="CucubmerOptions.TestNGTestRunner" name="runScenario" time="0.001"/>
  <system-out/>
  <testcase classname="CucubmerOptions.TestNGTestRunner" name="runScenario" time="0.039"/>
  <system-out/>
  <testcase classname="CucubmerOptions.TestNGTestRunner" name="runScenario" time="0.002"/>
  <system-out/>
  <testcase classname="CucubmerOptions.TestNGTestRunner" name="runScenario" time="0.003"/>
  <system-out/>
  <testcase classname="CucubmerOptions.TestNGTestRunner" name="runScenario" time="0.001"/>
  <system-out/>
  <testcase classname="CucubmerOptions.TestNGTestRunner" name="runScenario" time="0.000"/>
  <system-out/>
  <testcase classname="CucubmerOptions.TestNGTestRunner" name="runScenario" time="0.001"/>
  <system-out/>
</testsuite> <!-- CucubmerOptions.TestNGTestRunner -->
