<?xml version="1.0" encoding="UTF-8"?>
<testsuite xmlns:xsi="http://www.w3.org/2001/XMLSchema-instance" xsi:noNamespaceSchemaLocation="https://maven.apache.org/surefire/maven-surefire-plugin/xsd/surefire-test-report.xsd" name="TestSuite" time="1.287" tests="31" errors="0" skipped="0" failures="0">
  <properties>
    <property name="sun.desktop" value="windows"/>
    <property name="awt.toolkit" value="sun.awt.windows.WToolkit"/>
    <property name="java.specification.version" value="11"/>
    <property name="sun.cpu.isalist" value="amd64"/>
    <property name="sun.jnu.encoding" value="Cp1252"/>
    <property name="java.class.path" value="C:\Users\Ankita Sahu\eclipse-workspace\CUCUMBER\target\test-classes;C:\Users\Ankita Sahu\eclipse-workspace\CUCUMBER\target\classes;C:\Users\Ankita Sahu\.m2\repository\junit\junit\4.11\junit-4.11.jar;C:\Users\Ankita Sahu\.m2\repository\org\hamcrest\hamcrest-core\1.3\hamcrest-core-1.3.jar;C:\Users\Ankita Sahu\.m2\repository\io\cucumber\cucumber-java\7.11.1\cucumber-java-7.11.1.jar;C:\Users\Ankita Sahu\.m2\repository\io\cucumber\cucumber-core\7.11.1\cucumber-core-7.11.1.jar;C:\Users\Ankita Sahu\.m2\repository\io\cucumber\cucumber-gherkin\7.11.1\cucumber-gherkin-7.11.1.jar;C:\Users\Ankita Sahu\.m2\repository\io\cucumber\cucumber-gherkin-messages\7.11.1\cucumber-gherkin-messages-7.11.1.jar;C:\Users\Ankita Sahu\.m2\repository\io\cucumber\gherkin\26.0.3\gherkin-26.0.3.jar;C:\Users\Ankita Sahu\.m2\repository\io\cucumber\messages\21.0.1\messages-21.0.1.jar;C:\Users\Ankita Sahu\.m2\repository\io\cucumber\tag-expressions\5.0.1\tag-expressions-5.0.1.jar;C:\Users\Ankita Sahu\.m2\repository\io\cucumber\cucumber-expressions\16.1.2\cucumber-expressions-16.1.2.jar;C:\Users\Ankita Sahu\.m2\repository\io\cucumber\datatable\7.11.1\datatable-7.11.1.jar;C:\Users\Ankita Sahu\.m2\repository\io\cucumber\cucumber-plugin\7.11.1\cucumber-plugin-7.11.1.jar;C:\Users\Ankita Sahu\.m2\repository\io\cucumber\docstring\7.11.1\docstring-7.11.1.jar;C:\Users\Ankita Sahu\.m2\repository\io\cucumber\html-formatter\20.2.1\html-formatter-20.2.1.jar;C:\Users\Ankita Sahu\.m2\repository\io\cucumber\junit-xml-formatter\0.1.0\junit-xml-formatter-0.1.0.jar;C:\Users\Ankita Sahu\.m2\repository\io\cucumber\ci-environment\9.1.0\ci-environment-9.1.0.jar;C:\Users\Ankita Sahu\.m2\repository\org\apiguardian\apiguardian-api\1.1.2\apiguardian-api-1.1.2.jar;C:\Users\Ankita Sahu\.m2\repository\io\cucumber\cucumber-junit\7.11.1\cucumber-junit-7.11.1.jar;C:\Users\Ankita Sahu\.m2\repository\io\cucumber\cucumber-testng\7.11.1\cucumber-testng-7.11.1.jar;C:\Users\Ankita Sahu\.m2\repository\org\testng\testng\7.7.1\testng-7.7.1.jar;C:\Users\Ankita Sahu\.m2\repository\org\slf4j\slf4j-api\1.7.36\slf4j-api-1.7.36.jar;C:\Users\Ankita Sahu\.m2\repository\com\beust\jcommander\1.82\jcommander-1.82.jar;C:\Users\Ankita Sahu\.m2\repository\org\webjars\jquery\3.6.1\jquery-3.6.1.jar;"/>
    <property name="java.vm.vendor" value="Oracle Corporation"/>
    <property name="sun.arch.data.model" value="64"/>
    <property name="user.variant" value=""/>
    <property name="java.vendor.url" value="https://openjdk.java.net/"/>
    <property name="user.timezone" value="Asia/Calcutta"/>
    <property name="java.vm.specification.version" value="11"/>
    <property name="os.name" value="Windows 11"/>
    <property name="sun.java.launcher" value="SUN_STANDARD"/>
    <property name="user.country" value="IN"/>
    <property name="sun.boot.library.path" value="C:\Program Files\Java\jdk-11.0.15\bin"/>
    <property name="sun.java.command" value="C:\Users\ANKITA~1\AppData\Local\Temp\surefire8190318254469344843\surefirebooter3249328199048984530.jar C:\Users\Ankita Sahu\AppData\Local\Temp\surefire8190318254469344843 2023-03-01T12-56-43_437-jvmRun1 surefire3259654736566587629tmp surefire_01948366677566043107tmp"/>
    <property name="jdk.debug" value="release"/>
    <property name="surefire.test.class.path" value="C:\Users\Ankita Sahu\eclipse-workspace\CUCUMBER\target\test-classes;C:\Users\Ankita Sahu\eclipse-workspace\CUCUMBER\target\classes;C:\Users\Ankita Sahu\.m2\repository\junit\junit\4.11\junit-4.11.jar;C:\Users\Ankita Sahu\.m2\repository\org\hamcrest\hamcrest-core\1.3\hamcrest-core-1.3.jar;C:\Users\Ankita Sahu\.m2\repository\io\cucumber\cucumber-java\7.11.1\cucumber-java-7.11.1.jar;C:\Users\Ankita Sahu\.m2\repository\io\cucumber\cucumber-core\7.11.1\cucumber-core-7.11.1.jar;C:\Users\Ankita Sahu\.m2\repository\io\cucumber\cucumber-gherkin\7.11.1\cucumber-gherkin-7.11.1.jar;C:\Users\Ankita Sahu\.m2\repository\io\cucumber\cucumber-gherkin-messages\7.11.1\cucumber-gherkin-messages-7.11.1.jar;C:\Users\Ankita Sahu\.m2\repository\io\cucumber\gherkin\26.0.3\gherkin-26.0.3.jar;C:\Users\Ankita Sahu\.m2\repository\io\cucumber\messages\21.0.1\messages-21.0.1.jar;C:\Users\Ankita Sahu\.m2\repository\io\cucumber\tag-expressions\5.0.1\tag-expressions-5.0.1.jar;C:\Users\Ankita Sahu\.m2\repository\io\cucumber\cucumber-expressions\16.1.2\cucumber-expressions-16.1.2.jar;C:\Users\Ankita Sahu\.m2\repository\io\cucumber\datatable\7.11.1\datatable-7.11.1.jar;C:\Users\Ankita Sahu\.m2\repository\io\cucumber\cucumber-plugin\7.11.1\cucumber-plugin-7.11.1.jar;C:\Users\Ankita Sahu\.m2\repository\io\cucumber\docstring\7.11.1\docstring-7.11.1.jar;C:\Users\Ankita Sahu\.m2\repository\io\cucumber\html-formatter\20.2.1\html-formatter-20.2.1.jar;C:\Users\Ankita Sahu\.m2\repository\io\cucumber\junit-xml-formatter\0.1.0\junit-xml-formatter-0.1.0.jar;C:\Users\Ankita Sahu\.m2\repository\io\cucumber\ci-environment\9.1.0\ci-environment-9.1.0.jar;C:\Users\Ankita Sahu\.m2\repository\org\apiguardian\apiguardian-api\1.1.2\apiguardian-api-1.1.2.jar;C:\Users\Ankita Sahu\.m2\repository\io\cucumber\cucumber-junit\7.11.1\cucumber-junit-7.11.1.jar;C:\Users\Ankita Sahu\.m2\repository\io\cucumber\cucumber-testng\7.11.1\cucumber-testng-7.11.1.jar;C:\Users\Ankita Sahu\.m2\repository\org\testng\testng\7.7.1\testng-7.7.1.jar;C:\Users\Ankita Sahu\.m2\repository\org\slf4j\slf4j-api\1.7.36\slf4j-api-1.7.36.jar;C:\Users\Ankita Sahu\.m2\repository\com\beust\jcommander\1.82\jcommander-1.82.jar;C:\Users\Ankita Sahu\.m2\repository\org\webjars\jquery\3.6.1\jquery-3.6.1.jar;"/>
    <property name="sun.cpu.endian" value="little"/>
    <property name="user.home" value="C:\Users\Ankita Sahu"/>
    <property name="user.language" value="en"/>
    <property name="java.specification.vendor" value="Oracle Corporation"/>
    <property name="java.version.date" value="2022-04-19"/>
    <property name="java.home" value="C:\Program Files\Java\jdk-11.0.15"/>
    <property name="file.separator" value="\"/>
    <property name="basedir" value="C:\Users\Ankita Sahu\eclipse-workspace\CUCUMBER"/>
    <property name="java.vm.compressedOopsMode" value="Zero based"/>
    <property name="line.separator" value="&#10;"/>
    <property name="java.specification.name" value="Java Platform API Specification"/>
    <property name="java.vm.specification.vendor" value="Oracle Corporation"/>
    <property name="java.awt.graphicsenv" value="sun.awt.Win32GraphicsEnvironment"/>
    <property name="surefire.real.class.path" value="C:\Users\ANKITA~1\AppData\Local\Temp\surefire8190318254469344843\surefirebooter3249328199048984530.jar"/>
    <property name="user.script" value=""/>
    <property name="sun.management.compiler" value="HotSpot 64-Bit Tiered Compilers"/>
    <property name="java.runtime.version" value="11.0.15+8-LTS-149"/>
    <property name="user.name" value="Ankita Sahu"/>
    <property name="path.separator" value=";"/>
    <property name="os.version" value="10.0"/>
    <property name="java.runtime.name" value="Java(TM) SE Runtime Environment"/>
    <property name="file.encoding" value="Cp1252"/>
    <property name="java.vm.name" value="Java HotSpot(TM) 64-Bit Server VM"/>
    <property name="java.vendor.version" value="18.9"/>
    <property name="localRepository" value="C:\Users\Ankita Sahu\.m2\repository"/>
    <property name="java.vendor.url.bug" value="https://bugreport.java.com/bugreport/"/>
    <property name="java.io.tmpdir" value="C:\Users\ANKITA~1\AppData\Local\Temp\"/>
    <property name="java.version" value="11.0.15"/>
    <property name="user.dir" value="C:\Users\Ankita Sahu\eclipse-workspace\CUCUMBER"/>
    <property name="os.arch" value="amd64"/>
    <property name="java.vm.specification.name" value="Java Virtual Machine Specification"/>
    <property name="java.awt.printerjob" value="sun.awt.windows.WPrinterJob"/>
    <property name="sun.os.patch.level" value=""/>
    <property name="java.library.path" value="C:\Program Files\Java\jdk-11.0.15\bin;C:\windows\Sun\Java\bin;C:\windows\system32;C:\windows;C:\Program Files\Common Files\Oracle\Java\javapath;C:\windows\system32;C:\windows;C:\windows\System32\Wbem;C:\windows\System32\WindowsPowerShell\v1.0\;C:\windows\System32\OpenSSH\;C:\Program Files\Microsoft SQL Server\Client SDK\ODBC\170\Tools\Binn\;C:\Program Files (x86)\Microsoft SQL Server\150\Tools\Binn\;C:\Program Files\Microsoft SQL Server\150\Tools\Binn\;C:\Program Files\Microsoft SQL Server\150\DTS\Binn\;C:\Program Files (x86)\Microsoft SQL Server\150\DTS\Binn\;C:\Program Files\Azure Data Studio\bin;C:\apache-maven-3.8.6-bin\apache-maven-3.8.6\bin;C:\Program Files\Git\cmd;C:\Program Files\nodejs\;C:\Users\Ankita Sahu\AppData\Local\Programs\Python\Python311\Scripts\;C:\Users\Ankita Sahu\AppData\Local\Programs\Python\Python311\;C:\Users\Ankita Sahu\AppData\Local\Microsoft\WindowsApps;;C:\Program Files\Azure Data Studio\bin;C:\Users\Ankita Sahu\AppData\Local\Programs\Microsoft VS Code\bin;C:\Users\Ankita Sahu\AppData\Roaming\npm;."/>
    <property name="java.vendor" value="Oracle Corporation"/>
    <property name="java.vm.info" value="mixed mode"/>
    <property name="java.vm.version" value="11.0.15+8-LTS-149"/>
    <property name="sun.io.unicode.encoding" value="UnicodeLittle"/>
    <property name="java.class.version" value="55.0"/>
  </properties>
  <testcase name="runScenario" classname="CucubmerOptions.TestNGTestRunner" time="0.058"/>
  <testcase name="runScenario" classname="CucubmerOptions.TestNGTestRunner" time="0.002"/>
  <testcase name="runScenario" classname="CucubmerOptions.TestNGTestRunner" time="0.002"/>
  <testcase name="runScenario" classname="CucubmerOptions.TestNGTestRunner" time="0.005"/>
  <testcase name="runScenario" classname="CucubmerOptions.TestNGTestRunner" time="0.003"/>
  <testcase name="runScenario" classname="CucubmerOptions.TestNGTestRunner" time="0.005"/>
  <testcase name="runScenario" classname="CucubmerOptions.TestNGTestRunner" time="0.002"/>
  <testcase name="runScenario" classname="CucubmerOptions.TestNGTestRunner" time="0.005"/>
  <testcase name="runScenario" classname="CucubmerOptions.TestNGTestRunner" time="0.002"/>
  <testcase name="runScenario" classname="CucubmerOptions.TestNGTestRunner" time="0.002"/>
  <testcase name="runScenario" classname="CucubmerOptions.TestNGTestRunner" time="0.005"/>
  <testcase name="runScenario" classname="CucubmerOptions.TestNGTestRunner" time="0.003"/>
  <testcase name="runScenario" classname="CucubmerOptions.TestNGTestRunner" time="0.006"/>
  <testcase name="runScenario" classname="CucubmerOptions.TestNGTestRunner" time="0.006"/>
  <testcase name="runScenario" classname="CucubmerOptions.TestNGTestRunner" time="0.003"/>
  <testcase name="runScenario" classname="CucubmerOptions.TestNGTestRunner" time="0.007"/>
  <testcase name="runScenario" classname="CucubmerOptions.TestNGTestRunner" time="0.005"/>
  <testcase name="runScenario" classname="CucubmerOptions.TestNGTestRunner" time="0.003"/>
  <testcase name="runScenario" classname="CucubmerOptions.TestNGTestRunner" time="0.006"/>
  <testcase name="runScenario" classname="CucubmerOptions.TestNGTestRunner" time="0.002"/>
  <testcase name="runScenario" classname="CucubmerOptions.TestNGTestRunner" time="0.002"/>
  <testcase name="runScenario" classname="CucubmerOptions.TestNGTestRunner" time="0.004"/>
  <testcase name="runScenario" classname="CucubmerOptions.TestNGTestRunner" time="0.003"/>
  <testcase name="runScenario" classname="CucubmerOptions.TestNGTestRunner" time="0.005"/>
  <testcase name="runScenario" classname="CucubmerOptions.TestNGTestRunner" time="0.002"/>
  <testcase name="runScenario" classname="CucubmerOptions.TestNGTestRunner" time="0.004"/>
  <testcase name="runScenario" classname="CucubmerOptions.TestNGTestRunner" time="0.004"/>
  <testcase name="runScenario" classname="CucubmerOptions.TestNGTestRunner" time="0.005"/>
  <testcase name="runScenario" classname="CucubmerOptions.TestNGTestRunner" time="0.002"/>
  <testcase name="runScenario" classname="CucubmerOptions.TestNGTestRunner" time="0.002"/>
  <testcase name="shouldAnswerWithTrue on shouldAnswerWithTrue(CUCUMBER.CUCUMBER.AppTest)" classname="CUCUMBER.CUCUMBER.AppTest" time="0"/>
</testsuite>