<?xml version="1.0" encoding="UTF-8"?>
<!-- Generated by org.testng.reporters.JUnitReportReporter -->
<testsuite hostname="LAPTOP-EC720ES1" failures="0" tests="1" name="CUCUMBER.CUCUMBER.AppTest" time="0.003" errors="0" timestamp="2023-03-01T12:56:45 IST" skipped="0">
  <testcase classname="CUCUMBER.CUCUMBER.AppTest" name="shouldAnswerWithTrue" time="0.003"/>
  <system-out/>
</testsuite> <!-- CUCUMBER.CUCUMBER.AppTest -->
