<?xml version="1.0" encoding="UTF-8"?>
<!-- Generated by org.testng.reporters.JUnitReportReporter -->
<testsuite hostname="LAPTOP-EC720ES1" failures="0" tests="1" name="TestRunner.TestRunnerTestNG" time="10.873" errors="0" timestamp="2023-03-01T10:26:28 IST" skipped="0">
  <testcase classname="TestRunner.TestRunnerTestNG" name="runScenario" time="10.873"/>
  <system-out/>
</testsuite> <!-- TestRunner.TestRunnerTestNG -->
