<?xml version="1.0" encoding="UTF-8"?>
<!-- Generated by org.testng.reporters.JUnitReportReporter -->
<testsuite hostname="LAPTOP-EC720ES1" failures="0" tests="1" name="CucubmerOptions.TestNGTestRunner" time="0.098" errors="0" timestamp="2023-02-27T17:37:43 IST" skipped="0">
  <testcase classname="CucubmerOptions.TestNGTestRunner" name="runScenario" time="0.098"/>
  <system-out/>
</testsuite> <!-- CucubmerOptions.TestNGTestRunner -->
